2025-09-18 06:32:02,685 - root - INFO - Basic application logging configured.
2025-09-18 06:32:02,739 - src.core.adk_monitoring.telemetry_setup - INFO - OpenTelemetry configured with Cloud Trace Exporter.
2025-09-18 06:32:37,990 - src.core.managers.database_manager - INFO - Firebase Admin SDK initialized successfully.
2025-09-18 06:32:38,031 - src.core.managers.database_manager - INFO - Successfully connected to Firestore.
2025-09-18 06:32:38,032 - src.core.managers.cache_manager - WARNING - Could not connect to Redis at localhost:6379. Caching will be disabled. Error: Error 111 connecting to localhost:6379. Connection refused.
2025-09-18 06:32:38,032 - src.components.casefile.service - INFO - CasefileService initialized.
2025-09-18 06:33:42,092 - src.core.adk_monitoring.service - INFO - ADKMonitoringService initialized.
2025-09-18 06:33:42,092 - src.core.services.firestore_session_service - INFO - FirestoreSessionService initialized for collection: 'adk_sessions'
2025-09-18 06:33:42,093 - src.core.adk_monitoring.logging_plugin - INFO - LoggingPlugin initialized.
2025-09-18 06:33:42,137 - opentelemetry.trace - WARNING - Overriding of current TracerProvider is not allowed
2025-09-18 06:33:42,137 - src.core.adk_monitoring.opentelemetry_plugin - INFO - OpenTelemetry tracing enabled for project: mailmind-ai-djbuw
2025-09-18 06:33:42,137 - src.core.adk_monitoring.opentelemetry_plugin - INFO - OpenTelemetryMonitoringPlugin initialized.
2025-09-18 06:33:42,137 - src.core.adk_monitoring.authorization_plugin - INFO - AuthorizationPlugin initialized.
2025-09-18 06:33:42,138 - src.core.adk_monitoring.dynamic_context_plugin - INFO - DynamicContextPlugin initialized.
2025-09-18 06:33:42,138 - src.core.adk_monitoring.cost_tracking_plugin - INFO - CostTrackingPlugin initialized.
2025-09-18 06:33:42,138 - src.core.adk_monitoring.sanitization_plugin - INFO - SanitizationPlugin initialized.
2025-09-18 06:33:42,138 - src.components.communication.service - INFO - CommunicationService initialized.
2025-09-18 06:33:42,184 - src.components.toolsets.google_workspace.base_service - INFO - Application Default Credentials not found or invalid. Falling back to OAuth flow.
2025-09-18 06:33:42,184 - src.components.toolsets.google_workspace.base_service - INFO - Attempting authentication using local OAuth 2.0 flow (token.json / client_secrets.json).
2025-09-18 06:33:42,184 - src.components.toolsets.google_workspace.base_service - ERROR - Authentication failed. No valid credentials found (neither ADC nor token.json). To use OAuth, set MDS_ALLOW_INTERACTIVE_AUTH=1. To use a service account, ensure GOOGLE_APPLICATION_CREDENTIALS is set correctly.
